\BOOKMARK [1][-]{section.1}{\376\377\000I\000n\000t\000r\000o\000d\000u\000c\000t\000i\000o\000n}{}% 1
\BOOKMARK [1][-]{section.2}{\376\377\000T\000h\000e\000\040\000P\000r\000o\000b\000l\000e\000m}{}% 2
\BOOKMARK [1][-]{section.3}{\376\377\000D\000a\000t\000a\000\040\000P\000r\000e\000p\000a\000r\000a\000t\000i\000o\000n}{}% 3
\BOOKMARK [2][-]{subsection.3.1}{\376\377\000D\000a\000t\000a\000\040\000Q\000u\000e\000r\000y}{section.3}% 4
\BOOKMARK [2][-]{subsection.3.2}{\376\377\000D\000a\000t\000a\000\040\000P\000r\000e\000p\000r\000o\000c\000e\000s\000s\000i\000n\000g}{section.3}% 5
\BOOKMARK [2][-]{subsection.3.3}{\376\377\000D\000a\000t\000a\000\040\000A\000u\000g\000m\000e\000n\000t\000a\000t\000i\000o\000n}{section.3}% 6
\BOOKMARK [2][-]{subsection.3.4}{\376\377\000D\000a\000t\000a\000s\000e\000t\000\040\000S\000p\000l\000i\000t}{section.3}% 7
\BOOKMARK [1][-]{section.4}{\376\377\000M\000o\000d\000e\000l\000\040\000C\000r\000e\000a\000t\000i\000o\000n}{}% 8
\BOOKMARK [2][-]{subsection.4.1}{\376\377\000H\000y\000p\000e\000r\000p\000a\000r\000a\000m\000e\000t\000e\000r\000\040\000O\000p\000t\000i\000m\000i\000z\000a\000t\000i\000o\000n}{section.4}% 9
\BOOKMARK [3][-]{subsubsection.4.1.1}{\376\377\000S\000e\000a\000r\000c\000h\000\040\000M\000e\000t\000h\000o\000d}{subsection.4.1}% 10
\BOOKMARK [3][-]{subsubsection.4.1.2}{\376\377\000O\000p\000t\000i\000m\000i\000z\000e\000d\000\040\000H\000y\000p\000e\000r\000p\000a\000r\000a\000m\000e\000t\000e\000r\000s}{subsection.4.1}% 11
\BOOKMARK [3][-]{subsubsection.4.1.3}{\376\377\000S\000e\000a\000r\000c\000h\000\040\000P\000r\000o\000c\000e\000s\000s}{subsection.4.1}% 12
\BOOKMARK [2][-]{subsection.4.2}{\376\377\000O\000p\000t\000i\000m\000i\000z\000e\000d\000\040\000M\000o\000d\000e\000l\000\040\000A\000r\000c\000h\000i\000t\000e\000c\000t\000u\000r\000e}{section.4}% 13
\BOOKMARK [1][-]{section.5}{\376\377\000R\000e\000s\000u\000l\000t\000s}{}% 14
\BOOKMARK [2][-]{subsection.5.1}{\376\377\000M\000o\000d\000e\000l\000\040\000P\000e\000r\000f\000o\000r\000m\000a\000n\000c\000e}{section.5}% 15
\BOOKMARK [2][-]{subsection.5.2}{\376\377\000D\000e\000t\000a\000i\000l\000e\000d\000\040\000P\000e\000r\000f\000o\000r\000m\000a\000n\000c\000e\000\040\000b\000y\000\040\000C\000l\000a\000s\000s}{section.5}% 16
\BOOKMARK [2][-]{subsection.5.3}{\376\377\000C\000o\000n\000f\000u\000s\000i\000o\000n\000\040\000M\000a\000t\000r\000i\000x\000\040\000a\000n\000d\000\040\000C\000r\000o\000s\000s\000-\000V\000a\000l\000i\000d\000a\000t\000i\000o\000n}{section.5}% 17
\BOOKMARK [2][-]{subsection.5.4}{\376\377\000P\000r\000e\000d\000i\000c\000t\000i\000o\000n\000\040\000C\000o\000n\000f\000i\000d\000e\000n\000c\000e\000\040\000A\000n\000a\000l\000y\000s\000i\000s}{section.5}% 18
\BOOKMARK [1][-]{section.6}{\376\377\000G\000r\000a\000d\000-\000C\000A\000M\000\040\000A\000n\000a\000l\000y\000s\000i\000s}{}% 19
\BOOKMARK [2][-]{subsection.6.1}{\376\377\000C\000l\000a\000s\000s\000-\000S\000p\000e\000c\000i\000f\000i\000c\000\040\000G\000r\000a\000d\000-\000C\000A\000M\000\040\000R\000e\000s\000u\000l\000t\000s}{section.6}% 20
\BOOKMARK [3][-]{subsubsection.6.1.1}{\376\377\000A\000u\000t\000r\000e\000\040\000\050\000O\000t\000h\000e\000r\000\051}{subsection.6.1}% 21
\BOOKMARK [3][-]{subsubsection.6.1.2}{\376\377\000C\000o\000l\000v\000e\000r\000t\000\040\000F\000e\000m\000e\000l\000l\000e\000\040\000\050\000F\000e\000m\000a\000l\000e\000\040\000M\000a\000l\000l\000a\000r\000d\000\051}{subsection.6.1}% 22
\BOOKMARK [3][-]{subsubsection.6.1.3}{\376\377\000C\000o\000l\000v\000e\000r\000t\000\040\000M\000\342\000l\000e\000\040\000\050\000M\000a\000l\000e\000\040\000M\000a\000l\000l\000a\000r\000d\000\051}{subsection.6.1}% 23
\BOOKMARK [3][-]{subsubsection.6.1.4}{\376\377\000F\000o\000u\000l\000q\000u\000e\000\040\000M\000a\000c\000r\000o\000u\000l\000e\000\040\000\050\000E\000u\000r\000a\000s\000i\000a\000n\000\040\000C\000o\000o\000t\000\051}{subsection.6.1}% 24
\BOOKMARK [3][-]{subsubsection.6.1.5}{\376\377\000G\000r\000\350\000b\000e\000\040\000H\000u\000p\000p\000\351\000\040\000\050\000G\000r\000e\000a\000t\000\040\000C\000r\000e\000s\000t\000e\000d\000\040\000G\000r\000e\000b\000e\000\051}{subsection.6.1}% 25
\BOOKMARK [2][-]{subsection.6.2}{\376\377\000G\000r\000a\000d\000-\000C\000A\000M\000\040\000I\000n\000s\000i\000g\000h\000t\000s}{section.6}% 26
\BOOKMARK [1][-]{section.7}{\376\377\000M\000o\000d\000e\000l\000\040\000T\000e\000s\000t\000i\000n\000g\000\040\000a\000n\000d\000\040\000V\000a\000l\000i\000d\000a\000t\000i\000o\000n}{}% 27
\BOOKMARK [2][-]{subsection.7.1}{\376\377\000G\000e\000n\000e\000r\000a\000l\000i\000z\000a\000t\000i\000o\000n\000\040\000T\000e\000s\000t\000i\000n\000g}{section.7}% 28
\BOOKMARK [2][-]{subsection.7.2}{\376\377\000R\000e\000a\000l\000-\000w\000o\000r\000l\000d\000\040\000P\000e\000r\000f\000o\000r\000m\000a\000n\000c\000e\000\040\000C\000o\000n\000s\000i\000d\000e\000r\000a\000t\000i\000o\000n\000s}{section.7}% 29
\BOOKMARK [1][-]{section.8}{\376\377\000C\000o\000n\000c\000l\000u\000s\000i\000o\000n\000s}{}% 30
\BOOKMARK [2][-]{subsection.8.1}{\376\377\000L\000i\000m\000i\000t\000a\000t\000i\000o\000n\000s\000\040\000a\000n\000d\000\040\000A\000r\000e\000a\000s\000\040\000f\000o\000r\000\040\000I\000m\000p\000r\000o\000v\000e\000m\000e\000n\000t}{section.8}% 31
\BOOKMARK [2][-]{subsection.8.2}{\376\377\000F\000u\000t\000u\000r\000e\000\040\000W\000o\000r\000k}{section.8}% 32
\BOOKMARK [2][-]{subsection.8.3}{\376\377\000S\000u\000m\000m\000a\000r\000y}{section.8}% 33
\BOOKMARK [1][-]{section.9}{\376\377\000R\000e\000p\000o\000s\000i\000t\000o\000r\000y}{}% 34
